# JRE version: OpenJDK Runtime Environment Temurin-21.0.12.1+1 (21.0.12.1+1) (build 21.0.12.1+1-LTS)
# Java VM: OpenJDK 64-Bit Server VM Temurin-21.0.12.1+1 (21.0.12.1+1-LTS, mixed mode, sharing, tiered, compressed oops, compressed class ptrs, parallel gc, windows-amd64)
GC Precious Log:
 CardTable entry size: 512
 CPUs: 4 total, 4 available
 Memory: 8084M
 Large Page Support: Disabled
 NUMA Support: Disabled
 Compressed Oops: Enabled (32-bit)
 Alignments: Space 512K, Generation 512K, Heap 2M
 Heap Min Capacity: 100M
 Heap Initial Capacity: 100M
 Heap Max Capacity: 2G
 Pre-touch: Disabled
 Parallel Workers: 4
Heap:
 PSYoungGen      total 22528K, used 18860K [0x00000000d5580000, 0x00000000d6e00000, 0x0000000100000000)
  eden space 22016K, 85% used [0x00000000d5580000,0x00000000d67cb3a8,0x00000000d6b00000)
  from space 512K, 25% used [0x00000000d6d80000,0x00000000d6da0000,0x00000000d6e00000)
  to   space 512K, 0% used [0x00000000d6d00000,0x00000000d6d00000,0x00000000d6d80000)
 ParOldGen       total 68608K, used 35544K [0x0000000080000000, 0x0000000084300000, 0x00000000d5580000)
  object space 68608K, 51% used [0x0000000080000000,0x00000000822b6158,0x0000000084300000)
 Metaspace       used 46448K, committed 47424K, reserved 1114112K
  class space    used 4667K, committed 5120K, reserved 1048576K
GC Heap History (20 events):
Event: 76.486 GC heap before
{Heap before GC invocations=21 (full 2):
 PSYoungGen      total 23552K, used 23163K [0x00000000d5580000, 0x00000000d6f80000, 0x0000000100000000)
  eden space 22016K, 100% used [0x00000000d5580000,0x00000000d6b00000,0x00000000d6b00000)
  from space 1536K, 74% used [0x00000000d6e00000,0x00000000d6f1ee38,0x00000000d6f80000)
  to   space 1536K, 0% used [0x00000000d6c80000,0x00000000d6c80000,0x00000000d6e00000)
 ParOldGen       total 68608K, used 25732K [0x0000000080000000, 0x0000000084300000, 0x00000000d5580000)
  object space 68608K, 37% used [0x0000000080000000,0x0000000081921090,0x0000000084300000)
 Metaspace       used 37379K, committed 38272K, reserved 1114112K
  class space    used 3787K, committed 4160K, reserved 1048576K
}
Event: 76.496 GC heap after
{Heap after GC invocations=21 (full 2):
 PSYoungGen      total 23552K, used 1536K [0x00000000d5580000, 0x00000000d7400000, 0x0000000100000000)
  eden space 22016K, 0% used [0x00000000d5580000,0x00000000d5580000,0x00000000d6b00000)
  from space 1536K, 100% used [0x00000000d6c80000,0x00000000d6e00000,0x00000000d6e00000)
  to   space 4608K, 0% used [0x00000000d6f80000,0x00000000d6f80000,0x00000000d7400000)
 ParOldGen       total 68608K, used 28009K [0x0000000080000000, 0x0000000084300000, 0x00000000d5580000)
  object space 68608K, 40% used [0x0000000080000000,0x0000000081b5a5d8,0x0000000084300000)
 Metaspace       used 37379K, committed 38272K, reserved 1114112K
  class space    used 3787K, committed 4160K, reserved 1048576K
}
Event: 77.986 GC heap before
{Heap before GC invocations=22 (full 2):
 PSYoungGen      total 23552K, used 23552K [0x00000000d5580000, 0x00000000d7400000, 0x0000000100000000)
  eden space 22016K, 100% used [0x00000000d5580000,0x00000000d6b00000,0x00000000d6b00000)
  from space 1536K, 100% used [0x00000000d6c80000,0x00000000d6e00000,0x00000000d6e00000)
  to   space 4608K, 0% used [0x00000000d6f80000,0x00000000d6f80000,0x00000000d7400000)
 ParOldGen       total 68608K, used 28009K [0x0000000080000000, 0x0000000084300000, 0x00000000d5580000)
  object space 68608K, 40% used [0x0000000080000000,0x0000000081b5a5d8,0x0000000084300000)
 Metaspace       used 38096K, committed 38976K, reserved 1114112K
  class space    used 3861K, committed 4224K, reserved 1048576K
}
Event: 77.993 GC heap after
{Heap after GC invocations=22 (full 2):
 PSYoungGen      total 24064K, used 1644K [0x00000000d5580000, 0x00000000d7180000, 0x0000000100000000)
  eden space 22016K, 0% used [0x00000000d5580000,0x00000000d5580000,0x00000000d6b00000)
  from space 2048K, 80% used [0x00000000d6f80000,0x00000000d711b100,0x00000000d7180000)
  to   space 2560K, 0% used [0x00000000d6c80000,0x00000000d6c80000,0x00000000d6f00000)
 ParOldGen       total 68608K, used 29553K [0x0000000080000000, 0x0000000084300000, 0x00000000d5580000)
  object space 68608K, 43% used [0x0000000080000000,0x0000000081cdc5d8,0x0000000084300000)
 Metaspace       used 38096K, committed 38976K, reserved 1114112K
  class space    used 3861K, committed 4224K, reserved 1048576K
}
Event: 79.358 GC heap before
{Heap before GC invocations=23 (full 2):
 PSYoungGen      total 24064K, used 23660K [0x00000000d5580000, 0x00000000d7180000, 0x0000000100000000)
  eden space 22016K, 99% used [0x00000000d5580000,0x00000000d6afffd0,0x00000000d6b00000)
  from space 2048K, 80% used [0x00000000d6f80000,0x00000000d711b100,0x00000000d7180000)
  to   space 2560K, 0% used [0x00000000d6c80000,0x00000000d6c80000,0x00000000d6f00000)
 ParOldGen       total 68608K, used 29553K [0x0000000080000000, 0x0000000084300000, 0x00000000d5580000)
  object space 68608K, 43% used [0x0000000080000000,0x0000000081cdc5d8,0x0000000084300000)
 Metaspace       used 38738K, committed 39616K, reserved 1114112K
  class space    used 3888K, committed 4288K, reserved 1048576K
}
Event: 79.359 GC heap after
{Heap after GC invocations=23 (full 2):
 PSYoungGen      total 24576K, used 128K [0x00000000d5580000, 0x00000000d7000000, 0x0000000100000000)
  eden space 22016K, 0% used [0x00000000d5580000,0x00000000d5580000,0x00000000d6b00000)
  from space 2560K, 5% used [0x00000000d6c80000,0x00000000d6ca0000,0x00000000d6f00000)
  to   space 1024K, 0% used [0x00000000d6f00000,0x00000000d6f00000,0x00000000d7000000)
 ParOldGen       total 68608K, used 29705K [0x0000000080000000, 0x0000000084300000, 0x00000000d5580000)
  object space 68608K, 43% used [0x0000000080000000,0x0000000081d025d8,0x0000000084300000)
 Metaspace       used 38738K, committed 39616K, reserved 1114112K
  class space    used 3888K, committed 4288K, reserved 1048576K
}
Event: 80.747 GC heap before
{Heap before GC invocations=24 (full 2):
 PSYoungGen      total 24576K, used 22143K [0x00000000d5580000, 0x00000000d7000000, 0x0000000100000000)
  eden space 22016K, 99% used [0x00000000d5580000,0x00000000d6affff8,0x00000000d6b00000)
  from space 2560K, 5% used [0x00000000d6c80000,0x00000000d6ca0000,0x00000000d6f00000)
  to   space 1024K, 0% used [0x00000000d6f00000,0x00000000d6f00000,0x00000000d7000000)
 ParOldGen       total 68608K, used 29705K [0x0000000080000000, 0x0000000084300000, 0x00000000d5580000)
  object space 68608K, 43% used [0x0000000080000000,0x0000000081d025d8,0x0000000084300000)
 Metaspace       used 41616K, committed 42560K, reserved 1114112K
  class space    used 4170K, committed 4608K, reserved 1048576K
}
Event: 80.750 GC heap after
{Heap after GC invocations=24 (full 2):
 PSYoungGen      total 23040K, used 1018K [0x00000000d5580000, 0x00000000d7300000, 0x0000000100000000)
  eden space 22016K, 0% used [0x00000000d5580000,0x00000000d5580000,0x00000000d6b00000)
  from space 1024K, 99% used [0x00000000d6f00000,0x00000000d6ffe9b0,0x00000000d7000000)
  to   space 4096K, 0% used [0x00000000d6b00000,0x00000000d6b00000,0x00000000d6f00000)
 ParOldGen       total 68608K, used 31784K [0x0000000080000000, 0x0000000084300000, 0x00000000d5580000)
  object space 68608K, 46% used [0x0000000080000000,0x0000000081f0a188,0x0000000084300000)
 Metaspace       used 41616K, committed 42560K, reserved 1114112K
  class space    used 4170K, committed 4608K, reserved 1048576K
}
Event: 82.288 GC heap before
{Heap before GC invocations=25 (full 2):
 PSYoungGen      total 23040K, used 23034K [0x00000000d5580000, 0x00000000d7300000, 0x0000000100000000)
  eden space 22016K, 100% used [0x00000000d5580000,0x00000000d6b00000,0x00000000d6b00000)
  from space 1024K, 99% used [0x00000000d6f00000,0x00000000d6ffe9b0,0x00000000d7000000)
  to   space 4096K, 0% used [0x00000000d6b00000,0x00000000d6b00000,0x00000000d6f00000)
 ParOldGen       total 68608K, used 31784K [0x0000000080000000, 0x0000000084300000, 0x00000000d5580000)
  object space 68608K, 46% used [0x0000000080000000,0x0000000081f0a188,0x0000000084300000)
 Metaspace       used 43356K, committed 44352K, reserved 1114112K
  class space    used 4348K, committed 4800K, reserved 1048576K
}
Event: 82.295 GC heap after
{Heap after GC invocations=25 (full 2):
 PSYoungGen      total 25088K, used 2860K [0x00000000d5580000, 0x00000000d7100000, 0x0000000100000000)
  eden space 22016K, 0% used [0x00000000d5580000,0x00000000d5580000,0x00000000d6b00000)
  from space 3072K, 93% used [0x00000000d6b00000,0x00000000d6dcb1e8,0x00000000d6e00000)
  to   space 3072K, 0% used [0x00000000d6e00000,0x00000000d6e00000,0x00000000d7100000)
 ParOldGen       total 68608K, used 32687K [0x0000000080000000, 0x0000000084300000, 0x00000000d5580000)
  object space 68608K, 47% used [0x0000000080000000,0x0000000081febe40,0x0000000084300000)
 Metaspace       used 43356K, committed 44352K, reserved 1114112K
  class space    used 4348K, committed 4800K, reserved 1048576K
}
Event: 96.421 GC heap before
{Heap before GC invocations=26 (full 2):
 PSYoungGen      total 25088K, used 24876K [0x00000000d5580000, 0x00000000d7100000, 0x0000000100000000)
  eden space 22016K, 100% used [0x00000000d5580000,0x00000000d6b00000,0x00000000d6b00000)
  from space 3072K, 93% used [0x00000000d6b00000,0x00000000d6dcb1e8,0x00000000d6e00000)
  to   space 3072K, 0% used [0x00000000d6e00000,0x00000000d6e00000,0x00000000d7100000)
 ParOldGen       total 68608K, used 32687K [0x0000000080000000, 0x0000000084300000, 0x00000000d5580000)
  object space 68608K, 47% used [0x0000000080000000,0x0000000081febe40,0x0000000084300000)
 Metaspace       used 44713K, committed 45760K, reserved 1114112K
  class space    used 4488K, committed 4992K, reserved 1048576K
}
Event: 96.428 GC heap after
{Heap after GC invocations=26 (full 2):
 PSYoungGen      total 24064K, used 1645K [0x00000000d5580000, 0x00000000d7000000, 0x0000000100000000)
  eden space 22016K, 0% used [0x00000000d5580000,0x00000000d5580000,0x00000000d6b00000)
  from space 2048K, 80% used [0x00000000d6e00000,0x00000000d6f9b530,0x00000000d7000000)
  to   space 2560K, 0% used [0x00000000d6b00000,0x00000000d6b00000,0x00000000d6d80000)
 ParOldGen       total 68608K, used 33794K [0x0000000080000000, 0x0000000084300000, 0x00000000d5580000)
  object space 68608K, 49% used [0x0000000080000000,0x0000000082100b78,0x0000000084300000)
 Metaspace       used 44713K, committed 45760K, reserved 1114112K
  class space    used 4488K, committed 4992K, reserved 1048576K
}
Event: 114.668 GC heap before
{Heap before GC invocations=27 (full 2):
 PSYoungGen      total 24064K, used 23590K [0x00000000d5580000, 0x00000000d7000000, 0x0000000100000000)
  eden space 22016K, 99% used [0x00000000d5580000,0x00000000d6aee4b8,0x00000000d6b00000)
  from space 2048K, 80% used [0x00000000d6e00000,0x00000000d6f9b530,0x00000000d7000000)
  to   space 2560K, 0% used [0x00000000d6b00000,0x00000000d6b00000,0x00000000d6d80000)
 ParOldGen       total 68608K, used 33794K [0x0000000080000000, 0x0000000084300000, 0x00000000d5580000)
  object space 68608K, 49% used [0x0000000080000000,0x0000000082100b78,0x0000000084300000)
 Metaspace       used 45921K, committed 46912K, reserved 1114112K
  class space    used 4616K, committed 5056K, reserved 1048576K
}
Event: 114.673 GC heap after
{Heap after GC invocations=27 (full 2):
 PSYoungGen      total 24576K, used 352K [0x00000000d5580000, 0x00000000d6e80000, 0x0000000100000000)
  eden space 22016K, 0% used [0x00000000d5580000,0x00000000d5580000,0x00000000d6b00000)
  from space 2560K, 13% used [0x00000000d6b00000,0x00000000d6b58000,0x00000000d6d80000)
  to   space 1024K, 0% used [0x00000000d6d80000,0x00000000d6d80000,0x00000000d6e80000)
 ParOldGen       total 68608K, used 35118K [0x0000000080000000, 0x0000000084300000, 0x00000000d5580000)
  object space 68608K, 51% used [0x0000000080000000,0x000000008224b848,0x0000000084300000)
 Metaspace       used 45921K, committed 46912K, reserved 1114112K
  class space    used 4616K, committed 5056K, reserved 1048576K
}
Event: 114.999 GC heap before
{Heap before GC invocations=28 (full 2):
 PSYoungGen      total 24576K, used 20707K [0x00000000d5580000, 0x00000000d6e80000, 0x0000000100000000)
  eden space 22016K, 92% used [0x00000000d5580000,0x00000000d6960ee0,0x00000000d6b00000)
  from space 2560K, 13% used [0x00000000d6b00000,0x00000000d6b58000,0x00000000d6d80000)
  to   space 1024K, 0% used [0x00000000d6d80000,0x00000000d6d80000,0x00000000d6e80000)
 ParOldGen       total 68608K, used 35118K [0x0000000080000000, 0x0000000084300000, 0x00000000d5580000)
  object space 68608K, 51% used [0x0000000080000000,0x000000008224b848,0x0000000084300000)
 Metaspace       used 45946K, committed 46976K, reserved 1114112K
  class space    used 4617K, committed 5056K, reserved 1048576K
}
Event: 115.000 GC heap after
{Heap after GC invocations=28 (full 2):
 PSYoungGen      total 22528K, used 128K [0x00000000d5580000, 0x00000000d6e00000, 0x0000000100000000)
  eden space 22016K, 0% used [0x00000000d5580000,0x00000000d5580000,0x00000000d6b00000)
  from space 512K, 25% used [0x00000000d6d80000,0x00000000d6da0000,0x00000000d6e00000)
  to   space 512K, 0% used [0x00000000d6d00000,0x00000000d6d00000,0x00000000d6d80000)
 ParOldGen       total 68608K, used 35384K [0x0000000080000000, 0x0000000084300000, 0x00000000d5580000)
  object space 68608K, 51% used [0x0000000080000000,0x000000008228e158,0x0000000084300000)
 Metaspace       used 45946K, committed 46976K, reserved 1114112K
  class space    used 4617K, committed 5056K, reserved 1048576K
}
Event: 115.389 GC heap before
{Heap before GC invocations=29 (full 2):
 PSYoungGen      total 22528K, used 21819K [0x00000000d5580000, 0x00000000d6e00000, 0x0000000100000000)
  eden space 22016K, 98% used [0x00000000d5580000,0x00000000d6aaefc0,0x00000000d6b00000)
  from space 512K, 25% used [0x00000000d6d80000,0x00000000d6da0000,0x00000000d6e00000)
  to   space 512K, 0% used [0x00000000d6d00000,0x00000000d6d00000,0x00000000d6d80000)
 ParOldGen       total 68608K, used 35384K [0x0000000080000000, 0x0000000084300000, 0x00000000d5580000)
  object space 68608K, 51% used [0x0000000080000000,0x000000008228e158,0x0000000084300000)
 Metaspace       used 46010K, committed 46976K, reserved 1114112K
  class space    used 4618K, committed 5056K, reserved 1048576K
}
Event: 115.391 GC heap after
{Heap after GC invocations=29 (full 2):
 PSYoungGen      total 22528K, used 192K [0x00000000d5580000, 0x00000000d6e00000, 0x0000000100000000)
  eden space 22016K, 0% used [0x00000000d5580000,0x00000000d5580000,0x00000000d6b00000)
  from space 512K, 37% used [0x00000000d6d00000,0x00000000d6d30000,0x00000000d6d80000)
  to   space 512K, 0% used [0x00000000d6d80000,0x00000000d6d80000,0x00000000d6e00000)
 ParOldGen       total 68608K, used 35448K [0x0000000080000000, 0x0000000084300000, 0x00000000d5580000)
  object space 68608K, 51% used [0x0000000080000000,0x000000008229e158,0x0000000084300000)
 Metaspace       used 46010K, committed 46976K, reserved 1114112K
  class space    used 4618K, committed 5056K, reserved 1048576K
}
Event: 115.745 GC heap before
{Heap before GC invocations=30 (full 2):
 PSYoungGen      total 22528K, used 21693K [0x00000000d5580000, 0x00000000d6e00000, 0x0000000100000000)
  eden space 22016K, 97% used [0x00000000d5580000,0x00000000d6a7f640,0x00000000d6b00000)
  from space 512K, 37% used [0x00000000d6d00000,0x00000000d6d30000,0x00000000d6d80000)
  to   space 512K, 0% used [0x00000000d6d80000,0x00000000d6d80000,0x00000000d6e00000)
 ParOldGen       total 68608K, used 35448K [0x0000000080000000, 0x0000000084300000, 0x00000000d5580000)
  object space 68608K, 51% used [0x0000000080000000,0x000000008229e158,0x0000000084300000)
 Metaspace       used 46016K, committed 46976K, reserved 1114112K
  class space    used 4618K, committed 5056K, reserved 1048576K
}
Event: 115.746 GC heap after
{Heap after GC invocations=30 (full 2):
 PSYoungGen      total 22528K, used 128K [0x00000000d5580000, 0x00000000d6e00000, 0x0000000100000000)
  eden space 22016K, 0% used [0x00000000d5580000,0x00000000d5580000,0x00000000d6b00000)
  from space 512K, 25% used [0x00000000d6d80000,0x00000000d6da0000,0x00000000d6e00000)
  to   space 512K, 0% used [0x00000000d6d00000,0x00000000d6d00000,0x00000000d6d80000)
 ParOldGen       total 68608K, used 35544K [0x0000000080000000, 0x0000000084300000, 0x00000000d5580000)
  object space 68608K, 51% used [0x0000000080000000,0x00000000822b6158,0x0000000084300000)
 Metaspace       used 46016K, committed 46976K, reserved 1114112K
  class space    used 4618K, committed 5056K, reserved 1048576K
}

